<?xml version="1.0" encoding="UTF-8"?>
<!-- Generated by org.testng.reporters.JUnitXMLReporter -->
<testsuite hostname="Kumararaja" ignored="0" name="Extent Report And TestNG " tests="2" failures="1" timestamp="2023-01-04T13:07:20 IST" time="0.037" errors="0">
  <testcase name="gmailLogin" time="0.007" classname="com.reports.Listeners.LoginTest"/>
  <testcase name="yahooLogin" time="0.001" classname="com.reports.Listeners.LoginTest">
    <failure type="java.lang.AssertionError" message="expected [Ramya] but found [Kumar]">
      <![CDATA[java.lang.AssertionError: expected [Ramya] but found [Kumar]
at com.reports.Listeners.LoginTest.yahooLogin(LoginTest.java:15)
at java.util.ArrayList.forEach(ArrayList.java:1259)
... Removed 33 stack frames]]>
    </failure>
  </testcase> <!-- yahooLogin -->
</testsuite> <!-- Extent Report And TestNG  -->
